2021-01-05 09:25:00.641 WARN  org.mybatis.spring.mapper.ClassPathMapperScanner Line:166 -
				No MyBatis mapper was found in '[com]' package. Please check your configuration.
2021-01-05 09:25:01.611 WARN  org.springframework.context.annotation.ConfigurationClassPostProcessor Line:381 -
				Cannot enhance @Configuration bean definition 'mybatisPlusConfig' since its singleton instance has been created too early. The typical cause is a non-static @Bean method with a BeanDefinitionRegistryPostProcessor return type: Consider declaring such methods as 'static'.
2021-01-05 09:25:07.979 WARN  org.dozer.config.GlobalSettings Line:118 -
				Dozer configuration file not found: dozer.properties.  Using defaults for all Dozer global properties.
2021-01-05 09:25:17.029 WARN  org.springframework.boot.autoconfigure.orm.jpa.JpaBaseConfiguration$JpaWebConfiguration$JpaWebMvcConfiguration Line:235 -
				spring.jpa.open-in-view is enabled by default. Therefore, database queries may be performed during view rendering. Explicitly configure spring.jpa.open-in-view to disable this warning
2021-01-05 09:37:39.677 WARN  org.mybatis.spring.mapper.ClassPathMapperScanner Line:166 -
				No MyBatis mapper was found in '[com]' package. Please check your configuration.
2021-01-05 09:37:40.558 WARN  org.springframework.context.annotation.ConfigurationClassPostProcessor Line:381 -
				Cannot enhance @Configuration bean definition 'mybatisPlusConfig' since its singleton instance has been created too early. The typical cause is a non-static @Bean method with a BeanDefinitionRegistryPostProcessor return type: Consider declaring such methods as 'static'.
2021-01-05 09:37:45.187 WARN  org.dozer.config.GlobalSettings Line:118 -
				Dozer configuration file not found: dozer.properties.  Using defaults for all Dozer global properties.
2021-01-05 09:37:54.538 WARN  org.springframework.boot.autoconfigure.orm.jpa.JpaBaseConfiguration$JpaWebConfiguration$JpaWebMvcConfiguration Line:235 -
				spring.jpa.open-in-view is enabled by default. Therefore, database queries may be performed during view rendering. Explicitly configure spring.jpa.open-in-view to disable this warning
2021-01-05 09:51:28.114 WARN  org.mybatis.spring.mapper.ClassPathMapperScanner Line:166 -
				No MyBatis mapper was found in '[com]' package. Please check your configuration.
2021-01-05 09:51:28.980 WARN  org.springframework.context.annotation.ConfigurationClassPostProcessor Line:381 -
				Cannot enhance @Configuration bean definition 'mybatisPlusConfig' since its singleton instance has been created too early. The typical cause is a non-static @Bean method with a BeanDefinitionRegistryPostProcessor return type: Consider declaring such methods as 'static'.
2021-01-05 09:51:33.486 WARN  org.dozer.config.GlobalSettings Line:118 -
				Dozer configuration file not found: dozer.properties.  Using defaults for all Dozer global properties.
2021-01-05 09:51:43.113 WARN  org.springframework.boot.autoconfigure.orm.jpa.JpaBaseConfiguration$JpaWebConfiguration$JpaWebMvcConfiguration Line:235 -
				spring.jpa.open-in-view is enabled by default. Therefore, database queries may be performed during view rendering. Explicitly configure spring.jpa.open-in-view to disable this warning
2021-01-05 10:01:02.422 WARN  org.mybatis.spring.mapper.ClassPathMapperScanner Line:166 -
				No MyBatis mapper was found in '[com]' package. Please check your configuration.
2021-01-05 10:01:03.286 WARN  org.springframework.context.annotation.ConfigurationClassPostProcessor Line:381 -
				Cannot enhance @Configuration bean definition 'mybatisPlusConfig' since its singleton instance has been created too early. The typical cause is a non-static @Bean method with a BeanDefinitionRegistryPostProcessor return type: Consider declaring such methods as 'static'.
2021-01-05 10:01:07.857 WARN  org.dozer.config.GlobalSettings Line:118 -
				Dozer configuration file not found: dozer.properties.  Using defaults for all Dozer global properties.
2021-01-05 10:01:16.998 WARN  org.springframework.boot.autoconfigure.orm.jpa.JpaBaseConfiguration$JpaWebConfiguration$JpaWebMvcConfiguration Line:235 -
				spring.jpa.open-in-view is enabled by default. Therefore, database queries may be performed during view rendering. Explicitly configure spring.jpa.open-in-view to disable this warning
2021-01-05 10:11:17.664 WARN  org.mybatis.spring.mapper.ClassPathMapperScanner Line:166 -
				No MyBatis mapper was found in '[com]' package. Please check your configuration.
2021-01-05 10:11:18.525 WARN  org.springframework.context.annotation.ConfigurationClassPostProcessor Line:381 -
				Cannot enhance @Configuration bean definition 'mybatisPlusConfig' since its singleton instance has been created too early. The typical cause is a non-static @Bean method with a BeanDefinitionRegistryPostProcessor return type: Consider declaring such methods as 'static'.
2021-01-05 10:11:23.099 WARN  org.dozer.config.GlobalSettings Line:118 -
				Dozer configuration file not found: dozer.properties.  Using defaults for all Dozer global properties.
2021-01-05 10:11:32.333 WARN  org.springframework.boot.autoconfigure.orm.jpa.JpaBaseConfiguration$JpaWebConfiguration$JpaWebMvcConfiguration Line:235 -
				spring.jpa.open-in-view is enabled by default. Therefore, database queries may be performed during view rendering. Explicitly configure spring.jpa.open-in-view to disable this warning
2021-01-05 10:13:05.518 WARN  org.mybatis.spring.mapper.ClassPathMapperScanner Line:166 -
				No MyBatis mapper was found in '[com]' package. Please check your configuration.
2021-01-05 10:13:06.369 WARN  org.springframework.context.annotation.ConfigurationClassPostProcessor Line:381 -
				Cannot enhance @Configuration bean definition 'mybatisPlusConfig' since its singleton instance has been created too early. The typical cause is a non-static @Bean method with a BeanDefinitionRegistryPostProcessor return type: Consider declaring such methods as 'static'.
2021-01-05 10:13:10.874 WARN  org.dozer.config.GlobalSettings Line:118 -
				Dozer configuration file not found: dozer.properties.  Using defaults for all Dozer global properties.
2021-01-05 10:13:19.272 WARN  org.springframework.boot.autoconfigure.orm.jpa.JpaBaseConfiguration$JpaWebConfiguration$JpaWebMvcConfiguration Line:235 -
				spring.jpa.open-in-view is enabled by default. Therefore, database queries may be performed during view rendering. Explicitly configure spring.jpa.open-in-view to disable this warning
2021-01-05 10:14:49.385 WARN  org.mybatis.spring.mapper.ClassPathMapperScanner Line:166 -
				No MyBatis mapper was found in '[com]' package. Please check your configuration.
2021-01-05 10:14:50.246 WARN  org.springframework.context.annotation.ConfigurationClassPostProcessor Line:381 -
				Cannot enhance @Configuration bean definition 'mybatisPlusConfig' since its singleton instance has been created too early. The typical cause is a non-static @Bean method with a BeanDefinitionRegistryPostProcessor return type: Consider declaring such methods as 'static'.
2021-01-05 10:14:54.862 WARN  org.dozer.config.GlobalSettings Line:118 -
				Dozer configuration file not found: dozer.properties.  Using defaults for all Dozer global properties.
2021-01-05 10:15:04.741 WARN  org.springframework.boot.autoconfigure.orm.jpa.JpaBaseConfiguration$JpaWebConfiguration$JpaWebMvcConfiguration Line:235 -
				spring.jpa.open-in-view is enabled by default. Therefore, database queries may be performed during view rendering. Explicitly configure spring.jpa.open-in-view to disable this warning
2021-01-05 10:32:33.266 WARN  org.mybatis.spring.mapper.ClassPathMapperScanner Line:166 -
				No MyBatis mapper was found in '[com]' package. Please check your configuration.
2021-01-05 10:32:34.141 WARN  org.springframework.context.annotation.ConfigurationClassPostProcessor Line:381 -
				Cannot enhance @Configuration bean definition 'mybatisPlusConfig' since its singleton instance has been created too early. The typical cause is a non-static @Bean method with a BeanDefinitionRegistryPostProcessor return type: Consider declaring such methods as 'static'.
2021-01-05 10:32:38.907 WARN  org.dozer.config.GlobalSettings Line:118 -
				Dozer configuration file not found: dozer.properties.  Using defaults for all Dozer global properties.
2021-01-05 10:32:48.572 WARN  org.springframework.boot.autoconfigure.orm.jpa.JpaBaseConfiguration$JpaWebConfiguration$JpaWebMvcConfiguration Line:235 -
				spring.jpa.open-in-view is enabled by default. Therefore, database queries may be performed during view rendering. Explicitly configure spring.jpa.open-in-view to disable this warning
2021-01-05 10:35:39.793 WARN  org.mybatis.spring.mapper.ClassPathMapperScanner Line:166 -
				No MyBatis mapper was found in '[com]' package. Please check your configuration.
2021-01-05 10:35:40.664 WARN  org.springframework.context.annotation.ConfigurationClassPostProcessor Line:381 -
				Cannot enhance @Configuration bean definition 'mybatisPlusConfig' since its singleton instance has been created too early. The typical cause is a non-static @Bean method with a BeanDefinitionRegistryPostProcessor return type: Consider declaring such methods as 'static'.
2021-01-05 10:35:45.203 WARN  org.dozer.config.GlobalSettings Line:118 -
				Dozer configuration file not found: dozer.properties.  Using defaults for all Dozer global properties.
2021-01-05 10:35:54.242 WARN  org.springframework.boot.autoconfigure.orm.jpa.JpaBaseConfiguration$JpaWebConfiguration$JpaWebMvcConfiguration Line:235 -
				spring.jpa.open-in-view is enabled by default. Therefore, database queries may be performed during view rendering. Explicitly configure spring.jpa.open-in-view to disable this warning
2021-01-05 10:36:51.345 WARN  org.mybatis.spring.mapper.ClassPathMapperScanner Line:166 -
				No MyBatis mapper was found in '[com]' package. Please check your configuration.
2021-01-05 10:36:52.249 WARN  org.springframework.context.annotation.ConfigurationClassPostProcessor Line:381 -
				Cannot enhance @Configuration bean definition 'mybatisPlusConfig' since its singleton instance has been created too early. The typical cause is a non-static @Bean method with a BeanDefinitionRegistryPostProcessor return type: Consider declaring such methods as 'static'.
2021-01-05 10:36:56.759 WARN  org.dozer.config.GlobalSettings Line:118 -
				Dozer configuration file not found: dozer.properties.  Using defaults for all Dozer global properties.
2021-01-05 10:37:05.583 WARN  org.springframework.boot.autoconfigure.orm.jpa.JpaBaseConfiguration$JpaWebConfiguration$JpaWebMvcConfiguration Line:235 -
				spring.jpa.open-in-view is enabled by default. Therefore, database queries may be performed during view rendering. Explicitly configure spring.jpa.open-in-view to disable this warning
2021-01-05 10:37:56.098 WARN  org.mybatis.spring.mapper.ClassPathMapperScanner Line:166 -
				No MyBatis mapper was found in '[com]' package. Please check your configuration.
2021-01-05 10:37:56.967 WARN  org.springframework.context.annotation.ConfigurationClassPostProcessor Line:381 -
				Cannot enhance @Configuration bean definition 'mybatisPlusConfig' since its singleton instance has been created too early. The typical cause is a non-static @Bean method with a BeanDefinitionRegistryPostProcessor return type: Consider declaring such methods as 'static'.
2021-01-05 10:38:01.485 WARN  org.dozer.config.GlobalSettings Line:118 -
				Dozer configuration file not found: dozer.properties.  Using defaults for all Dozer global properties.
2021-01-05 10:38:10.058 WARN  org.springframework.boot.autoconfigure.orm.jpa.JpaBaseConfiguration$JpaWebConfiguration$JpaWebMvcConfiguration Line:235 -
				spring.jpa.open-in-view is enabled by default. Therefore, database queries may be performed during view rendering. Explicitly configure spring.jpa.open-in-view to disable this warning
2021-01-05 10:55:42.808 WARN  org.mybatis.spring.mapper.ClassPathMapperScanner Line:166 -
				No MyBatis mapper was found in '[com]' package. Please check your configuration.
2021-01-05 10:55:43.675 WARN  org.springframework.context.annotation.ConfigurationClassPostProcessor Line:381 -
				Cannot enhance @Configuration bean definition 'mybatisPlusConfig' since its singleton instance has been created too early. The typical cause is a non-static @Bean method with a BeanDefinitionRegistryPostProcessor return type: Consider declaring such methods as 'static'.
2021-01-05 10:55:48.219 WARN  org.dozer.config.GlobalSettings Line:118 -
				Dozer configuration file not found: dozer.properties.  Using defaults for all Dozer global properties.
2021-01-05 10:55:56.870 WARN  org.springframework.boot.autoconfigure.orm.jpa.JpaBaseConfiguration$JpaWebConfiguration$JpaWebMvcConfiguration Line:235 -
				spring.jpa.open-in-view is enabled by default. Therefore, database queries may be performed during view rendering. Explicitly configure spring.jpa.open-in-view to disable this warning
2021-01-05 10:58:37.941 WARN  org.mybatis.spring.mapper.ClassPathMapperScanner Line:166 -
				No MyBatis mapper was found in '[com]' package. Please check your configuration.
2021-01-05 10:58:38.818 WARN  org.springframework.context.annotation.ConfigurationClassPostProcessor Line:381 -
				Cannot enhance @Configuration bean definition 'mybatisPlusConfig' since its singleton instance has been created too early. The typical cause is a non-static @Bean method with a BeanDefinitionRegistryPostProcessor return type: Consider declaring such methods as 'static'.
2021-01-05 10:58:43.300 WARN  org.dozer.config.GlobalSettings Line:118 -
				Dozer configuration file not found: dozer.properties.  Using defaults for all Dozer global properties.
2021-01-05 10:58:52.361 WARN  org.springframework.boot.autoconfigure.orm.jpa.JpaBaseConfiguration$JpaWebConfiguration$JpaWebMvcConfiguration Line:235 -
				spring.jpa.open-in-view is enabled by default. Therefore, database queries may be performed during view rendering. Explicitly configure spring.jpa.open-in-view to disable this warning
2021-01-05 11:00:25.479 WARN  org.mybatis.spring.mapper.ClassPathMapperScanner Line:166 -
				No MyBatis mapper was found in '[com]' package. Please check your configuration.
2021-01-05 11:00:26.395 WARN  org.springframework.context.annotation.ConfigurationClassPostProcessor Line:381 -
				Cannot enhance @Configuration bean definition 'mybatisPlusConfig' since its singleton instance has been created too early. The typical cause is a non-static @Bean method with a BeanDefinitionRegistryPostProcessor return type: Consider declaring such methods as 'static'.
2021-01-05 11:00:31.446 WARN  org.dozer.config.GlobalSettings Line:118 -
				Dozer configuration file not found: dozer.properties.  Using defaults for all Dozer global properties.
2021-01-05 11:00:40.576 WARN  org.springframework.boot.autoconfigure.orm.jpa.JpaBaseConfiguration$JpaWebConfiguration$JpaWebMvcConfiguration Line:235 -
				spring.jpa.open-in-view is enabled by default. Therefore, database queries may be performed during view rendering. Explicitly configure spring.jpa.open-in-view to disable this warning
2021-01-05 11:04:07.690 WARN  org.mybatis.spring.mapper.ClassPathMapperScanner Line:166 -
				No MyBatis mapper was found in '[com]' package. Please check your configuration.
2021-01-05 11:04:08.602 WARN  org.springframework.context.annotation.ConfigurationClassPostProcessor Line:381 -
				Cannot enhance @Configuration bean definition 'mybatisPlusConfig' since its singleton instance has been created too early. The typical cause is a non-static @Bean method with a BeanDefinitionRegistryPostProcessor return type: Consider declaring such methods as 'static'.
2021-01-05 11:04:13.626 WARN  org.dozer.config.GlobalSettings Line:118 -
				Dozer configuration file not found: dozer.properties.  Using defaults for all Dozer global properties.
2021-01-05 11:04:23.383 WARN  org.springframework.boot.autoconfigure.orm.jpa.JpaBaseConfiguration$JpaWebConfiguration$JpaWebMvcConfiguration Line:235 -
				spring.jpa.open-in-view is enabled by default. Therefore, database queries may be performed during view rendering. Explicitly configure spring.jpa.open-in-view to disable this warning
2021-01-05 11:08:08.055 WARN  org.mybatis.spring.mapper.ClassPathMapperScanner Line:166 -
				No MyBatis mapper was found in '[com]' package. Please check your configuration.
2021-01-05 11:08:08.980 WARN  org.springframework.context.annotation.ConfigurationClassPostProcessor Line:381 -
				Cannot enhance @Configuration bean definition 'mybatisPlusConfig' since its singleton instance has been created too early. The typical cause is a non-static @Bean method with a BeanDefinitionRegistryPostProcessor return type: Consider declaring such methods as 'static'.
2021-01-05 11:08:16.146 WARN  org.dozer.config.GlobalSettings Line:118 -
				Dozer configuration file not found: dozer.properties.  Using defaults for all Dozer global properties.
2021-01-05 11:08:28.555 WARN  org.springframework.boot.autoconfigure.orm.jpa.JpaBaseConfiguration$JpaWebConfiguration$JpaWebMvcConfiguration Line:235 -
				spring.jpa.open-in-view is enabled by default. Therefore, database queries may be performed during view rendering. Explicitly configure spring.jpa.open-in-view to disable this warning
2021-01-05 11:35:35.756 WARN  org.mybatis.spring.mapper.ClassPathMapperScanner Line:166 -
				No MyBatis mapper was found in '[com]' package. Please check your configuration.
2021-01-05 11:35:36.661 WARN  org.springframework.context.annotation.ConfigurationClassPostProcessor Line:381 -
				Cannot enhance @Configuration bean definition 'mybatisPlusConfig' since its singleton instance has been created too early. The typical cause is a non-static @Bean method with a BeanDefinitionRegistryPostProcessor return type: Consider declaring such methods as 'static'.
2021-01-05 11:35:41.657 WARN  org.dozer.config.GlobalSettings Line:118 -
				Dozer configuration file not found: dozer.properties.  Using defaults for all Dozer global properties.
2021-01-05 11:35:51.044 WARN  org.springframework.boot.autoconfigure.orm.jpa.JpaBaseConfiguration$JpaWebConfiguration$JpaWebMvcConfiguration Line:235 -
				spring.jpa.open-in-view is enabled by default. Therefore, database queries may be performed during view rendering. Explicitly configure spring.jpa.open-in-view to disable this warning
2021-01-05 11:39:01.812 WARN  org.mybatis.spring.mapper.ClassPathMapperScanner Line:166 -
				No MyBatis mapper was found in '[com]' package. Please check your configuration.
2021-01-05 11:39:02.680 WARN  org.springframework.context.annotation.ConfigurationClassPostProcessor Line:381 -
				Cannot enhance @Configuration bean definition 'mybatisPlusConfig' since its singleton instance has been created too early. The typical cause is a non-static @Bean method with a BeanDefinitionRegistryPostProcessor return type: Consider declaring such methods as 'static'.
2021-01-05 11:39:07.300 WARN  org.dozer.config.GlobalSettings Line:118 -
				Dozer configuration file not found: dozer.properties.  Using defaults for all Dozer global properties.
2021-01-05 11:39:17.075 WARN  org.springframework.boot.autoconfigure.orm.jpa.JpaBaseConfiguration$JpaWebConfiguration$JpaWebMvcConfiguration Line:235 -
				spring.jpa.open-in-view is enabled by default. Therefore, database queries may be performed during view rendering. Explicitly configure spring.jpa.open-in-view to disable this warning
2021-01-05 11:45:54.670 WARN  org.mybatis.spring.mapper.ClassPathMapperScanner Line:166 -
				No MyBatis mapper was found in '[com]' package. Please check your configuration.
2021-01-05 11:45:55.527 WARN  org.springframework.context.annotation.ConfigurationClassPostProcessor Line:381 -
				Cannot enhance @Configuration bean definition 'mybatisPlusConfig' since its singleton instance has been created too early. The typical cause is a non-static @Bean method with a BeanDefinitionRegistryPostProcessor return type: Consider declaring such methods as 'static'.
2021-01-05 11:46:00.052 WARN  org.dozer.config.GlobalSettings Line:118 -
				Dozer configuration file not found: dozer.properties.  Using defaults for all Dozer global properties.
2021-01-05 11:46:08.731 WARN  org.springframework.boot.autoconfigure.orm.jpa.JpaBaseConfiguration$JpaWebConfiguration$JpaWebMvcConfiguration Line:235 -
				spring.jpa.open-in-view is enabled by default. Therefore, database queries may be performed during view rendering. Explicitly configure spring.jpa.open-in-view to disable this warning
2021-01-05 11:57:34.554 WARN  org.mybatis.spring.mapper.ClassPathMapperScanner Line:166 -
				No MyBatis mapper was found in '[com]' package. Please check your configuration.
2021-01-05 11:57:35.427 WARN  org.springframework.context.annotation.ConfigurationClassPostProcessor Line:381 -
				Cannot enhance @Configuration bean definition 'mybatisPlusConfig' since its singleton instance has been created too early. The typical cause is a non-static @Bean method with a BeanDefinitionRegistryPostProcessor return type: Consider declaring such methods as 'static'.
2021-01-05 11:57:39.945 WARN  org.dozer.config.GlobalSettings Line:118 -
				Dozer configuration file not found: dozer.properties.  Using defaults for all Dozer global properties.
2021-01-05 11:57:49.231 WARN  org.springframework.boot.autoconfigure.orm.jpa.JpaBaseConfiguration$JpaWebConfiguration$JpaWebMvcConfiguration Line:235 -
				spring.jpa.open-in-view is enabled by default. Therefore, database queries may be performed during view rendering. Explicitly configure spring.jpa.open-in-view to disable this warning
2021-01-05 12:01:46.590 WARN  org.mybatis.spring.mapper.ClassPathMapperScanner Line:166 -
				No MyBatis mapper was found in '[com]' package. Please check your configuration.
2021-01-05 12:01:47.872 WARN  org.springframework.context.annotation.ConfigurationClassPostProcessor Line:381 -
				Cannot enhance @Configuration bean definition 'mybatisPlusConfig' since its singleton instance has been created too early. The typical cause is a non-static @Bean method with a BeanDefinitionRegistryPostProcessor return type: Consider declaring such methods as 'static'.
2021-01-05 12:01:52.563 WARN  org.dozer.config.GlobalSettings Line:118 -
				Dozer configuration file not found: dozer.properties.  Using defaults for all Dozer global properties.
2021-01-05 12:02:01.870 WARN  org.springframework.boot.autoconfigure.orm.jpa.JpaBaseConfiguration$JpaWebConfiguration$JpaWebMvcConfiguration Line:235 -
				spring.jpa.open-in-view is enabled by default. Therefore, database queries may be performed during view rendering. Explicitly configure spring.jpa.open-in-view to disable this warning
2021-01-05 13:39:42.660 WARN  org.mybatis.spring.mapper.ClassPathMapperScanner Line:166 -
				No MyBatis mapper was found in '[com]' package. Please check your configuration.
2021-01-05 13:39:43.530 WARN  org.springframework.context.annotation.ConfigurationClassPostProcessor Line:381 -
				Cannot enhance @Configuration bean definition 'mybatisPlusConfig' since its singleton instance has been created too early. The typical cause is a non-static @Bean method with a BeanDefinitionRegistryPostProcessor return type: Consider declaring such methods as 'static'.
2021-01-05 13:39:48.085 WARN  org.dozer.config.GlobalSettings Line:118 -
				Dozer configuration file not found: dozer.properties.  Using defaults for all Dozer global properties.
2021-01-05 13:39:57.613 WARN  org.springframework.boot.autoconfigure.orm.jpa.JpaBaseConfiguration$JpaWebConfiguration$JpaWebMvcConfiguration Line:235 -
				spring.jpa.open-in-view is enabled by default. Therefore, database queries may be performed during view rendering. Explicitly configure spring.jpa.open-in-view to disable this warning
2021-01-05 13:43:08.868 WARN  org.mybatis.spring.mapper.ClassPathMapperScanner Line:166 -
				No MyBatis mapper was found in '[com]' package. Please check your configuration.
2021-01-05 13:43:09.736 WARN  org.springframework.context.annotation.ConfigurationClassPostProcessor Line:381 -
				Cannot enhance @Configuration bean definition 'mybatisPlusConfig' since its singleton instance has been created too early. The typical cause is a non-static @Bean method with a BeanDefinitionRegistryPostProcessor return type: Consider declaring such methods as 'static'.
2021-01-05 13:43:14.684 WARN  org.dozer.config.GlobalSettings Line:118 -
				Dozer configuration file not found: dozer.properties.  Using defaults for all Dozer global properties.
2021-01-05 13:43:25.428 WARN  org.springframework.boot.autoconfigure.orm.jpa.JpaBaseConfiguration$JpaWebConfiguration$JpaWebMvcConfiguration Line:235 -
				spring.jpa.open-in-view is enabled by default. Therefore, database queries may be performed during view rendering. Explicitly configure spring.jpa.open-in-view to disable this warning
2021-01-05 13:58:29.548 WARN  org.mybatis.spring.mapper.ClassPathMapperScanner Line:166 -
				No MyBatis mapper was found in '[com]' package. Please check your configuration.
2021-01-05 13:58:30.413 WARN  org.springframework.context.annotation.ConfigurationClassPostProcessor Line:381 -
				Cannot enhance @Configuration bean definition 'mybatisPlusConfig' since its singleton instance has been created too early. The typical cause is a non-static @Bean method with a BeanDefinitionRegistryPostProcessor return type: Consider declaring such methods as 'static'.
2021-01-05 13:58:35.009 WARN  org.dozer.config.GlobalSettings Line:118 -
				Dozer configuration file not found: dozer.properties.  Using defaults for all Dozer global properties.
2021-01-05 13:59:36.063 WARN  org.mybatis.spring.mapper.ClassPathMapperScanner Line:166 -
				No MyBatis mapper was found in '[com]' package. Please check your configuration.
2021-01-05 13:59:36.932 WARN  org.springframework.context.annotation.ConfigurationClassPostProcessor Line:381 -
				Cannot enhance @Configuration bean definition 'mybatisPlusConfig' since its singleton instance has been created too early. The typical cause is a non-static @Bean method with a BeanDefinitionRegistryPostProcessor return type: Consider declaring such methods as 'static'.
2021-01-05 13:59:41.416 WARN  org.dozer.config.GlobalSettings Line:118 -
				Dozer configuration file not found: dozer.properties.  Using defaults for all Dozer global properties.
2021-01-05 13:59:49.941 WARN  org.springframework.boot.autoconfigure.orm.jpa.JpaBaseConfiguration$JpaWebConfiguration$JpaWebMvcConfiguration Line:235 -
				spring.jpa.open-in-view is enabled by default. Therefore, database queries may be performed during view rendering. Explicitly configure spring.jpa.open-in-view to disable this warning
2021-01-05 14:05:11.831 WARN  org.mybatis.spring.mapper.ClassPathMapperScanner Line:166 -
				No MyBatis mapper was found in '[com]' package. Please check your configuration.
2021-01-05 14:05:12.727 WARN  org.springframework.context.annotation.ConfigurationClassPostProcessor Line:381 -
				Cannot enhance @Configuration bean definition 'mybatisPlusConfig' since its singleton instance has been created too early. The typical cause is a non-static @Bean method with a BeanDefinitionRegistryPostProcessor return type: Consider declaring such methods as 'static'.
2021-01-05 14:05:17.268 WARN  org.dozer.config.GlobalSettings Line:118 -
				Dozer configuration file not found: dozer.properties.  Using defaults for all Dozer global properties.
2021-01-05 14:05:27.457 WARN  org.springframework.boot.autoconfigure.orm.jpa.JpaBaseConfiguration$JpaWebConfiguration$JpaWebMvcConfiguration Line:235 -
				spring.jpa.open-in-view is enabled by default. Therefore, database queries may be performed during view rendering. Explicitly configure spring.jpa.open-in-view to disable this warning
2021-01-05 14:27:59.366 WARN  org.mybatis.spring.mapper.ClassPathMapperScanner Line:166 -
				No MyBatis mapper was found in '[com]' package. Please check your configuration.
2021-01-05 14:28:00.232 WARN  org.springframework.context.annotation.ConfigurationClassPostProcessor Line:381 -
				Cannot enhance @Configuration bean definition 'mybatisPlusConfig' since its singleton instance has been created too early. The typical cause is a non-static @Bean method with a BeanDefinitionRegistryPostProcessor return type: Consider declaring such methods as 'static'.
2021-01-05 14:28:04.813 WARN  org.dozer.config.GlobalSettings Line:118 -
				Dozer configuration file not found: dozer.properties.  Using defaults for all Dozer global properties.
2021-01-05 14:28:15.521 WARN  org.springframework.boot.autoconfigure.orm.jpa.JpaBaseConfiguration$JpaWebConfiguration$JpaWebMvcConfiguration Line:235 -
				spring.jpa.open-in-view is enabled by default. Therefore, database queries may be performed during view rendering. Explicitly configure spring.jpa.open-in-view to disable this warning
2021-01-05 14:29:08.805 WARN  org.mybatis.spring.mapper.ClassPathMapperScanner Line:166 -
				No MyBatis mapper was found in '[com]' package. Please check your configuration.
2021-01-05 14:29:09.685 WARN  org.springframework.context.annotation.ConfigurationClassPostProcessor Line:381 -
				Cannot enhance @Configuration bean definition 'mybatisPlusConfig' since its singleton instance has been created too early. The typical cause is a non-static @Bean method with a BeanDefinitionRegistryPostProcessor return type: Consider declaring such methods as 'static'.
2021-01-05 14:29:14.255 WARN  org.dozer.config.GlobalSettings Line:118 -
				Dozer configuration file not found: dozer.properties.  Using defaults for all Dozer global properties.
2021-01-05 14:29:23.881 WARN  org.springframework.boot.autoconfigure.orm.jpa.JpaBaseConfiguration$JpaWebConfiguration$JpaWebMvcConfiguration Line:235 -
				spring.jpa.open-in-view is enabled by default. Therefore, database queries may be performed during view rendering. Explicitly configure spring.jpa.open-in-view to disable this warning
2021-01-05 14:30:49.008 WARN  org.mybatis.spring.mapper.ClassPathMapperScanner Line:166 -
				No MyBatis mapper was found in '[com]' package. Please check your configuration.
2021-01-05 14:30:49.885 WARN  org.springframework.context.annotation.ConfigurationClassPostProcessor Line:381 -
				Cannot enhance @Configuration bean definition 'mybatisPlusConfig' since its singleton instance has been created too early. The typical cause is a non-static @Bean method with a BeanDefinitionRegistryPostProcessor return type: Consider declaring such methods as 'static'.
2021-01-05 14:30:54.407 WARN  org.dozer.config.GlobalSettings Line:118 -
				Dozer configuration file not found: dozer.properties.  Using defaults for all Dozer global properties.
2021-01-05 14:31:03.216 WARN  org.springframework.boot.autoconfigure.orm.jpa.JpaBaseConfiguration$JpaWebConfiguration$JpaWebMvcConfiguration Line:235 -
				spring.jpa.open-in-view is enabled by default. Therefore, database queries may be performed during view rendering. Explicitly configure spring.jpa.open-in-view to disable this warning
2021-01-05 14:32:08.934 WARN  org.mybatis.spring.mapper.ClassPathMapperScanner Line:166 -
				No MyBatis mapper was found in '[com]' package. Please check your configuration.
2021-01-05 14:32:09.804 WARN  org.springframework.context.annotation.ConfigurationClassPostProcessor Line:381 -
				Cannot enhance @Configuration bean definition 'mybatisPlusConfig' since its singleton instance has been created too early. The typical cause is a non-static @Bean method with a BeanDefinitionRegistryPostProcessor return type: Consider declaring such methods as 'static'.
2021-01-05 14:32:14.731 WARN  org.dozer.config.GlobalSettings Line:118 -
				Dozer configuration file not found: dozer.properties.  Using defaults for all Dozer global properties.
2021-01-05 14:32:23.601 WARN  org.springframework.boot.autoconfigure.orm.jpa.JpaBaseConfiguration$JpaWebConfiguration$JpaWebMvcConfiguration Line:235 -
				spring.jpa.open-in-view is enabled by default. Therefore, database queries may be performed during view rendering. Explicitly configure spring.jpa.open-in-view to disable this warning
2021-01-05 14:34:36.769 WARN  org.mybatis.spring.mapper.ClassPathMapperScanner Line:166 -
				No MyBatis mapper was found in '[com]' package. Please check your configuration.
2021-01-05 14:34:37.633 WARN  org.springframework.context.annotation.ConfigurationClassPostProcessor Line:381 -
				Cannot enhance @Configuration bean definition 'mybatisPlusConfig' since its singleton instance has been created too early. The typical cause is a non-static @Bean method with a BeanDefinitionRegistryPostProcessor return type: Consider declaring such methods as 'static'.
2021-01-05 14:34:42.136 WARN  org.dozer.config.GlobalSettings Line:118 -
				Dozer configuration file not found: dozer.properties.  Using defaults for all Dozer global properties.
2021-01-05 14:34:50.580 WARN  org.springframework.boot.autoconfigure.orm.jpa.JpaBaseConfiguration$JpaWebConfiguration$JpaWebMvcConfiguration Line:235 -
				spring.jpa.open-in-view is enabled by default. Therefore, database queries may be performed during view rendering. Explicitly configure spring.jpa.open-in-view to disable this warning
2021-01-05 14:36:26.659 WARN  org.mybatis.spring.mapper.ClassPathMapperScanner Line:166 -
				No MyBatis mapper was found in '[com]' package. Please check your configuration.
2021-01-05 14:36:27.574 WARN  org.springframework.context.annotation.ConfigurationClassPostProcessor Line:381 -
				Cannot enhance @Configuration bean definition 'mybatisPlusConfig' since its singleton instance has been created too early. The typical cause is a non-static @Bean method with a BeanDefinitionRegistryPostProcessor return type: Consider declaring such methods as 'static'.
2021-01-05 14:36:32.848 WARN  org.dozer.config.GlobalSettings Line:118 -
				Dozer configuration file not found: dozer.properties.  Using defaults for all Dozer global properties.
2021-01-05 14:36:42.415 WARN  org.springframework.boot.autoconfigure.orm.jpa.JpaBaseConfiguration$JpaWebConfiguration$JpaWebMvcConfiguration Line:235 -
				spring.jpa.open-in-view is enabled by default. Therefore, database queries may be performed during view rendering. Explicitly configure spring.jpa.open-in-view to disable this warning
2021-01-05 14:41:41.264 WARN  org.mybatis.spring.mapper.ClassPathMapperScanner Line:166 -
				No MyBatis mapper was found in '[com]' package. Please check your configuration.
2021-01-05 14:41:42.283 WARN  org.springframework.context.annotation.ConfigurationClassPostProcessor Line:381 -
				Cannot enhance @Configuration bean definition 'mybatisPlusConfig' since its singleton instance has been created too early. The typical cause is a non-static @Bean method with a BeanDefinitionRegistryPostProcessor return type: Consider declaring such methods as 'static'.
2021-01-05 14:41:47.386 WARN  org.dozer.config.GlobalSettings Line:118 -
				Dozer configuration file not found: dozer.properties.  Using defaults for all Dozer global properties.
2021-01-05 14:41:56.733 WARN  org.springframework.boot.autoconfigure.orm.jpa.JpaBaseConfiguration$JpaWebConfiguration$JpaWebMvcConfiguration Line:235 -
				spring.jpa.open-in-view is enabled by default. Therefore, database queries may be performed during view rendering. Explicitly configure spring.jpa.open-in-view to disable this warning
2021-01-05 15:30:05.666 WARN  org.mybatis.spring.mapper.ClassPathMapperScanner Line:166 -
				No MyBatis mapper was found in '[com]' package. Please check your configuration.
2021-01-05 15:30:06.553 WARN  org.springframework.context.annotation.ConfigurationClassPostProcessor Line:381 -
				Cannot enhance @Configuration bean definition 'mybatisPlusConfig' since its singleton instance has been created too early. The typical cause is a non-static @Bean method with a BeanDefinitionRegistryPostProcessor return type: Consider declaring such methods as 'static'.
2021-01-05 15:30:11.117 WARN  org.dozer.config.GlobalSettings Line:118 -
				Dozer configuration file not found: dozer.properties.  Using defaults for all Dozer global properties.
2021-01-05 15:30:19.764 WARN  org.springframework.boot.autoconfigure.orm.jpa.JpaBaseConfiguration$JpaWebConfiguration$JpaWebMvcConfiguration Line:235 -
				spring.jpa.open-in-view is enabled by default. Therefore, database queries may be performed during view rendering. Explicitly configure spring.jpa.open-in-view to disable this warning
2021-01-05 15:49:56.398 WARN  org.mybatis.spring.mapper.ClassPathMapperScanner Line:166 -
				No MyBatis mapper was found in '[com]' package. Please check your configuration.
2021-01-05 15:49:57.279 WARN  org.springframework.context.annotation.ConfigurationClassPostProcessor Line:381 -
				Cannot enhance @Configuration bean definition 'mybatisPlusConfig' since its singleton instance has been created too early. The typical cause is a non-static @Bean method with a BeanDefinitionRegistryPostProcessor return type: Consider declaring such methods as 'static'.
2021-01-05 15:50:02.286 WARN  org.dozer.config.GlobalSettings Line:118 -
				Dozer configuration file not found: dozer.properties.  Using defaults for all Dozer global properties.
2021-01-05 15:50:12.994 WARN  org.springframework.boot.autoconfigure.orm.jpa.JpaBaseConfiguration$JpaWebConfiguration$JpaWebMvcConfiguration Line:235 -
				spring.jpa.open-in-view is enabled by default. Therefore, database queries may be performed during view rendering. Explicitly configure spring.jpa.open-in-view to disable this warning
